mode: set
github.com/luigizuccarelli/golang-buildconfig-converter/pkg/service/convert.go:16.35,19.16 2 1
github.com/luigizuccarelli/golang-buildconfig-converter/pkg/service/convert.go:22.2,28.16 6 1
github.com/luigizuccarelli/golang-buildconfig-converter/pkg/service/convert.go:32.2,33.16 2 1
github.com/luigizuccarelli/golang-buildconfig-converter/pkg/service/convert.go:36.2,36.12 1 1
github.com/luigizuccarelli/golang-buildconfig-converter/pkg/service/convert.go:19.16,21.3 1 1
github.com/luigizuccarelli/golang-buildconfig-converter/pkg/service/convert.go:28.16,30.3 1 1
github.com/luigizuccarelli/golang-buildconfig-converter/pkg/service/convert.go:33.16,35.3 1 0
github.com/luigizuccarelli/golang-buildconfig-converter/pkg/service/helper.go:22.53,33.2 10 1
github.com/luigizuccarelli/golang-buildconfig-converter/pkg/service/helper.go:36.68,40.16 4 1
github.com/luigizuccarelli/golang-buildconfig-converter/pkg/service/helper.go:43.2,43.26 1 1
github.com/luigizuccarelli/golang-buildconfig-converter/pkg/service/helper.go:62.2,62.17 1 1
github.com/luigizuccarelli/golang-buildconfig-converter/pkg/service/helper.go:40.16,42.3 1 1
github.com/luigizuccarelli/golang-buildconfig-converter/pkg/service/helper.go:43.26,44.17 1 1
github.com/luigizuccarelli/golang-buildconfig-converter/pkg/service/helper.go:44.17,46.18 2 1
github.com/luigizuccarelli/golang-buildconfig-converter/pkg/service/helper.go:49.4,50.18 2 1
github.com/luigizuccarelli/golang-buildconfig-converter/pkg/service/helper.go:54.4,54.30 1 1
github.com/luigizuccarelli/golang-buildconfig-converter/pkg/service/helper.go:46.18,48.5 1 0
github.com/luigizuccarelli/golang-buildconfig-converter/pkg/service/helper.go:50.18,52.5 1 1
github.com/luigizuccarelli/golang-buildconfig-converter/pkg/service/helper.go:54.30,59.5 3 1
github.com/luigizuccarelli/golang-buildconfig-converter/pkg/service/helper.go:66.58,69.16 3 1
github.com/luigizuccarelli/golang-buildconfig-converter/pkg/service/helper.go:72.2,73.16 2 1
github.com/luigizuccarelli/golang-buildconfig-converter/pkg/service/helper.go:76.2,76.17 1 1
github.com/luigizuccarelli/golang-buildconfig-converter/pkg/service/helper.go:69.16,71.3 1 1
github.com/luigizuccarelli/golang-buildconfig-converter/pkg/service/helper.go:73.16,75.3 1 1
github.com/luigizuccarelli/golang-buildconfig-converter/pkg/service/helper.go:81.78,82.25 1 1
github.com/luigizuccarelli/golang-buildconfig-converter/pkg/service/helper.go:93.2,93.12 1 1
github.com/luigizuccarelli/golang-buildconfig-converter/pkg/service/helper.go:82.25,85.17 3 1
github.com/luigizuccarelli/golang-buildconfig-converter/pkg/service/helper.go:88.3,89.17 2 1
github.com/luigizuccarelli/golang-buildconfig-converter/pkg/service/helper.go:85.17,87.4 1 0
github.com/luigizuccarelli/golang-buildconfig-converter/pkg/service/helper.go:89.17,91.4 1 1
